<?xml version="1.0" encoding="UTF-8"?>
<!-- Generated by org.testng.reporters.JUnitReportReporter -->
<testsuite hostname="DESKTOP-C6KTL7Q" failures="0" tests="1" name="CustomerModule.CreateCutomerTest" time="38.897" errors="0" timestamp="2023-07-18T12:49:11 IST" skipped="0">
  <testcase classname="CustomerModule.CreateCutomerTest" name="createCustomer" time="38.897"/>
  <system-out/>
</testsuite> <!-- CustomerModule.CreateCutomerTest -->
