<?xml version="1.0" encoding="UTF-8"?>
<!-- Generated by org.testng.reporters.JUnitReportReporter -->
<testsuite hostname="DESKTOP-C6KTL7Q" failures="0" tests="1" name="HomeModule.ToVerifyTheHomePageTitle" time="21.681" errors="0" timestamp="2023-07-18T12:49:11 IST" skipped="0">
  <testcase classname="HomeModule.ToVerifyTheHomePageTitle" name="toVerifyTheHomePageTitle" time="21.681"/>
  <system-out/>
</testsuite> <!-- HomeModule.ToVerifyTheHomePageTitle -->
